Content-Type: multipart/alternative;
 boundary="===============0589032306554267381=="
MIME-Version: 1.0
Subject: =?utf-8?b?0JrQvdC40LPQsCB7bmFtZX0g0LHRi9C70LAg0YPQtNCw0LvQtdC90LA=?=
From: my_email@my.me
To: recipient@recipient.email
Date: Sun, 20 Nov 2022 13:46:06 -0000
Message-ID: <166895196654.9618.11260464083336580582@alone5elvi-VirtualBox>

--===============0589032306554267381==
Content-Type: text/plain; charset="utf-8"
MIME-Version: 1.0
Content-Transfer-Encoding: 8bit

Сообщение от сервиса Book. Удаление записи.
--===============0589032306554267381==
Content-Type: text/html; charset="utf-8"
MIME-Version: 1.0
Content-Transfer-Encoding: 8bit

<h2>Здравствуйте</h2><p>Произошло удаление книги Приключения Буратино.</p>
--===============0589032306554267381==--

-------------------------------------------------------------------------------
