Content-Type: multipart/alternative;
 boundary="===============7179185937238664357=="
MIME-Version: 1.0
Subject: =?utf-8?b?0JrQvdC40LPQsCB7bmFtZX0g0LHRi9C70LAg0YPQtNCw0LvQtdC90LA=?=
From: my_email@my.me
To: recipient@recipient.email
Date: Sat, 19 Nov 2022 20:41:24 -0000
Message-ID: <166889048477.14081.3866133292947497794@alone5elvi-VirtualBox>

--===============7179185937238664357==
Content-Type: text/plain; charset="utf-8"
MIME-Version: 1.0
Content-Transfer-Encoding: 8bit

Сообщение от сервиса Book. Удаление записи.
--===============7179185937238664357==
Content-Type: text/html; charset="utf-8"
MIME-Version: 1.0
Content-Transfer-Encoding: 8bit

<h2>Здравствуйте</h2><p>Произошло удаление книги Преступление и наказание.</p>
--===============7179185937238664357==--

-------------------------------------------------------------------------------
