Content-Type: multipart/alternative;
 boundary="===============6740282376304764221=="
MIME-Version: 1.0
Subject: =?utf-8?b?0JrQvdC40LPQsCB7bmFtZX0g0LHRi9C70LAg0YPQtNCw0LvQtdC90LA=?=
From: my_email@my.me
To: recipient@recipient.email
Date: Wed, 16 Nov 2022 08:16:49 -0000
Message-ID: <166858660973.7196.3998829984067633692@alone5elvi-VirtualBox>

--===============6740282376304764221==
Content-Type: text/plain; charset="utf-8"
MIME-Version: 1.0
Content-Transfer-Encoding: 8bit

Сообщение от сервиса Book. Удаление записи.
--===============6740282376304764221==
Content-Type: text/html; charset="utf-8"
MIME-Version: 1.0
Content-Transfer-Encoding: 8bit

<h2>Здравствуйте</h2><p>Произошло удаление книги Преступление и наказание.</p>
--===============6740282376304764221==--

-------------------------------------------------------------------------------
