Content-Type: text/plain; charset="utf-8"
MIME-Version: 1.0
Content-Transfer-Encoding: 8bit
Subject: 
 =?utf-8?b?0JrQvdC40LPQsCB7bmFtZX0g0LHRi9C70LAg0YHQvtGF0YDQsNC90LXQvdCw?=
From: my_email@my.me
To: recipient@recipient.email, testing_email@testing_email.email
Date: Fri, 25 Nov 2022 18:18:21 -0000
Message-ID: <166940030112.16700.5270635881000069753@alone5elvi-VirtualBox>

<h2>Здравствуйте</h2><p>Произошло сохранение книги Хобби бобби 5.</p>
-------------------------------------------------------------------------------
Content-Type: text/plain; charset="utf-8"
MIME-Version: 1.0
Content-Transfer-Encoding: 8bit
Subject: 
 =?utf-8?b?0JrQvdC40LPQsCB7bmFtZX0uINCt0YLQviDRgdC+0L7QsdGJ0LXQvdC40LUg0LQ=?=
 =?utf-8?b?0LvRjyDRgtC10YHRgtC40YDQvtCy0LDQvdC40Y8u?=
From: my_email@my.me
Date: Fri, 25 Nov 2022 18:18:21 -0000
Message-ID: <166940030112.16700.17400016439695723250@alone5elvi-VirtualBox>

<h2>Здравствуйте</h2><p>Производится тестирование сохранение книги Хобби бобби 5.</p>
-------------------------------------------------------------------------------
