Content-Type: multipart/alternative;
 boundary="===============2304710145290043781=="
MIME-Version: 1.0
Subject: 
 =?utf-8?b?0KDQtdCz0LjRgdGC0YDQsNGG0LjRjyDQvdC+0LLQvtC5INC60L3QuNCz0Lg=?=
From: my_email@my.me
To: recipient@recipient.email
Date: Wed, 16 Nov 2022 19:28:27 -0000
Message-ID: <166862690745.11585.21911361937891541@alone5elvi-VirtualBox>

--===============2304710145290043781==
Content-Type: text/plain; charset="utf-8"
MIME-Version: 1.0
Content-Transfer-Encoding: 8bit

Сообщение от сервиса Book. Создание новой записи.
--===============2304710145290043781==
Content-Type: text/html; charset="utf-8"
MIME-Version: 1.0
Content-Transfer-Encoding: 8bit

<h2>Здравствуйте</h2><p>Произошла регистрация новой книги.</p>
--===============2304710145290043781==--

-------------------------------------------------------------------------------
