Content-Type: multipart/alternative;
 boundary="===============5749361148736379532=="
MIME-Version: 1.0
Subject: 
 =?utf-8?b?0KDQtdCz0LjRgdGC0YDQsNGG0LjRjyDQvdC+0LLQvtC5INC60L3QuNCz0Lg=?=
From: my_email@my.me
To: recipient@recipient.email
Date: Mon, 21 Nov 2022 05:58:55 -0000
Message-ID: <166901033536.47963.5438648573794887393@alone5elvi-VirtualBox>

--===============5749361148736379532==
Content-Type: text/plain; charset="utf-8"
MIME-Version: 1.0
Content-Transfer-Encoding: 8bit

Сообщение от сервиса Book. Создание новой записи.
--===============5749361148736379532==
Content-Type: text/html; charset="utf-8"
MIME-Version: 1.0
Content-Transfer-Encoding: 8bit

<h2>Здравствуйте</h2><p>Произошла регистрация новой книги.</p>
--===============5749361148736379532==--

-------------------------------------------------------------------------------
