Content-Type: multipart/alternative;
 boundary="===============3287926843724164844=="
MIME-Version: 1.0
Subject: 
 =?utf-8?b?0KDQtdCz0LjRgdGC0YDQsNGG0LjRjyDQvdC+0LLQvtC5INC60L3QuNCz0Lg=?=
From: my_email@my.me
To: recipient@recipient.email
Date: Sun, 20 Nov 2022 19:35:35 -0000
Message-ID: <166897293501.36009.5840352723238330238@alone5elvi-VirtualBox>

--===============3287926843724164844==
Content-Type: text/plain; charset="utf-8"
MIME-Version: 1.0
Content-Transfer-Encoding: 8bit

Сообщение от сервиса Book. Создание новой записи.
--===============3287926843724164844==
Content-Type: text/html; charset="utf-8"
MIME-Version: 1.0
Content-Transfer-Encoding: 8bit

<h2>Здравствуйте</h2><p>Произошла регистрация новой книги.</p>
--===============3287926843724164844==--

-------------------------------------------------------------------------------
