Content-Type: multipart/alternative;
 boundary="===============9065360198398797120=="
MIME-Version: 1.0
Subject: =?utf-8?b?0JrQvdC40LPQsCB7bmFtZX0g0LHRi9C70LAg0YPQtNCw0LvQtdC90LA=?=
From: my_email@my.me
To: recipient@recipient.email
Date: Sun, 20 Nov 2022 13:46:06 -0000
Message-ID: <166895196658.9618.13448018682839859981@alone5elvi-VirtualBox>

--===============9065360198398797120==
Content-Type: text/plain; charset="utf-8"
MIME-Version: 1.0
Content-Transfer-Encoding: 8bit

Сообщение от сервиса Book. Удаление записи.
--===============9065360198398797120==
Content-Type: text/html; charset="utf-8"
MIME-Version: 1.0
Content-Transfer-Encoding: 8bit

<h2>Здравствуйте</h2><p>Произошло удаление книги Трое в лодке не считая собаки.</p>
--===============9065360198398797120==--

-------------------------------------------------------------------------------
