Content-Type: multipart/alternative;
 boundary="===============3619233919415165619=="
MIME-Version: 1.0
Subject: 
 =?utf-8?b?0KDQtdCz0LjRgdGC0YDQsNGG0LjRjyDQvdC+0LLQvtC5INC60L3QuNCz0Lg=?=
From: my_email@my.me
To: recipient@recipient.email, testing_email@testing_email.email
Date: Sun, 20 Nov 2022 18:39:47 -0000
Message-ID: <166896958759.29286.14157399348955829072@alone5elvi-VirtualBox>

--===============3619233919415165619==
Content-Type: text/plain; charset="utf-8"
MIME-Version: 1.0
Content-Transfer-Encoding: 8bit

Сообщение от сервиса Book. Создание новой записи.
--===============3619233919415165619==
Content-Type: text/html; charset="utf-8"
MIME-Version: 1.0
Content-Transfer-Encoding: 8bit

<h2>Здравствуйте</h2><p>Произошла регистрация новой книги.</p>
--===============3619233919415165619==--

-------------------------------------------------------------------------------
