Content-Type: multipart/alternative;
 boundary="===============8309482466423694731=="
MIME-Version: 1.0
Subject: 
 =?utf-8?b?0KDQtdCz0LjRgdGC0YDQsNGG0LjRjyDQvdC+0LLQvtC5INC60L3QuNCz0Lg=?=
From: my_email@my.me
To: recipient@recipient.email
Date: Sun, 20 Nov 2022 19:07:24 -0000
Message-ID: <166897124421.33575.3537484176706921231@alone5elvi-VirtualBox>

--===============8309482466423694731==
Content-Type: text/plain; charset="utf-8"
MIME-Version: 1.0
Content-Transfer-Encoding: 8bit

Сообщение от сервиса Book. Создание новой записи.
--===============8309482466423694731==
Content-Type: text/html; charset="utf-8"
MIME-Version: 1.0
Content-Transfer-Encoding: 8bit

<h2>Здравствуйте</h2><p>Произошла регистрация новой книги.</p>
--===============8309482466423694731==--

-------------------------------------------------------------------------------
