Content-Type: text/plain; charset="utf-8"
MIME-Version: 1.0
Content-Transfer-Encoding: 8bit
Subject: 
 =?utf-8?b?0JrQvdC40LPQsCB7bmFtZX0g0LHRi9C70LAg0YHQvtGF0YDQsNC90LXQvdCw?=
From: my_email@my.me
To: recipient@recipient.email, testing_email@testing_email.email,
 testing_email@testing_email.email, testing_email@testing_email.email,
 testing_email@testing_email.email, testing_email@testing_email.email,
 testing_email@testing_email.email, testing_email@testing_email.email,
 testing_email@testing_email.email, testing_email@testing_email.email,
 testing_email@testing_email.email
Date: Mon, 21 Nov 2022 05:46:59 -0000
Message-ID: <166900961905.45554.12715858514324601204@alone5elvi-VirtualBox>

<h2>Здравствуйте</h2><p>Произошло сохранение книги Преступление и наказание.</p>
-------------------------------------------------------------------------------
Content-Type: text/plain; charset="utf-8"
MIME-Version: 1.0
Content-Transfer-Encoding: 8bit
Subject: 
 =?utf-8?b?0JrQvdC40LPQsCB7bmFtZX0uINCt0YLQviDRgdC+0L7QsdGJ0LXQvdC40LUg0LQ=?=
 =?utf-8?b?0LvRjyDRgtC10YHRgtC40YDQvtCy0LDQvdC40Y8u?=
From: my_email@my.me
Date: Mon, 21 Nov 2022 05:46:59 -0000
Message-ID: <166900961905.45554.13224289769451316661@alone5elvi-VirtualBox>

<h2>Здравствуйте</h2><p>Производится тестирование сохранение книги Преступление и наказание.</p>
-------------------------------------------------------------------------------
