Content-Type: multipart/alternative;
 boundary="===============7136011601850959620=="
MIME-Version: 1.0
Subject: 
 =?utf-8?b?0KDQtdCz0LjRgdGC0YDQsNGG0LjRjyDQvdC+0LLQvtC5INC60L3QuNCz0Lg=?=
From: my_email@my.me
To: recipient@recipient.email
Date: Wed, 16 Nov 2022 08:15:01 -0000
Message-ID: <166858650108.6489.14631107270975704020@alone5elvi-VirtualBox>

--===============7136011601850959620==
Content-Type: text/plain; charset="utf-8"
MIME-Version: 1.0
Content-Transfer-Encoding: 8bit

Сообщение от сервиса Book. Создание новой записи.
--===============7136011601850959620==
Content-Type: text/html; charset="utf-8"
MIME-Version: 1.0
Content-Transfer-Encoding: 8bit

<h2>Здравствуйте</h2><p>Произошла регистрация новой книги.</p>
--===============7136011601850959620==--

-------------------------------------------------------------------------------
