Content-Type: multipart/alternative;
 boundary="===============4429865712948391099=="
MIME-Version: 1.0
Subject: 
 =?utf-8?b?0KDQtdCz0LjRgdGC0YDQsNGG0LjRjyDQvdC+0LLQvtC5INC60L3QuNCz0Lg=?=
From: my_email@my.me
To: recipient@recipient.email
Date: Mon, 21 Nov 2022 06:05:07 -0000
Message-ID: <166901070717.49177.2149002693195055880@alone5elvi-VirtualBox>

--===============4429865712948391099==
Content-Type: text/plain; charset="utf-8"
MIME-Version: 1.0
Content-Transfer-Encoding: 8bit

Сообщение от сервиса Book. Создание новой записи.
--===============4429865712948391099==
Content-Type: text/html; charset="utf-8"
MIME-Version: 1.0
Content-Transfer-Encoding: 8bit

<h2>Здравствуйте</h2><p>Произошла регистрация новой книги.</p>
--===============4429865712948391099==--

-------------------------------------------------------------------------------
