Content-Type: text/plain; charset="utf-8"
MIME-Version: 1.0
Content-Transfer-Encoding: 8bit
Subject: 
 =?utf-8?b?0JrQvdC40LPQsCB7bmFtZX0g0LHRi9C70LAg0YHQvtGF0YDQsNC90LXQvdCw?=
From: my_email@my.me
To: recipient@recipient.email, testing_email@testing_email.email,
 testing_email@testing_email.email, testing_email@testing_email.email
Date: Sun, 20 Nov 2022 19:42:37 -0000
Message-ID: <166897335786.37210.13923333079412655130@alone5elvi-VirtualBox>

<h2>Здравствуйте</h2><p>Произошло сохранение книги Собака Баскервилей.</p>
-------------------------------------------------------------------------------
Content-Type: text/plain; charset="utf-8"
MIME-Version: 1.0
Content-Transfer-Encoding: 8bit
Subject: 
 =?utf-8?b?0JrQvdC40LPQsCB7bmFtZX0uINCt0YLQviDRgdC+0L7QsdGJ0LXQvdC40LUg0LQ=?=
 =?utf-8?b?0LvRjyDRgtC10YHRgtC40YDQvtCy0LDQvdC40Y8u?=
From: my_email@my.me
Date: Sun, 20 Nov 2022 19:42:37 -0000
Message-ID: <166897335786.37210.6261039097729088154@alone5elvi-VirtualBox>

<h2>Здравствуйте</h2><p>Производится тестирование сохранение книги Собака Баскервилей.</p>
-------------------------------------------------------------------------------
