Content-Type: multipart/alternative;
 boundary="===============6091627283363285371=="
MIME-Version: 1.0
Subject: =?utf-8?b?0JrQvdC40LPQsCB7bmFtZX0g0LHRi9C70LAg0YPQtNCw0LvQtdC90LA=?=
From: my_email@my.me
To: recipient@recipient.email
Date: Sun, 20 Nov 2022 13:46:06 -0000
Message-ID: <166895196657.9618.1500338207638975510@alone5elvi-VirtualBox>

--===============6091627283363285371==
Content-Type: text/plain; charset="utf-8"
MIME-Version: 1.0
Content-Transfer-Encoding: 8bit

Сообщение от сервиса Book. Удаление записи.
--===============6091627283363285371==
Content-Type: text/html; charset="utf-8"
MIME-Version: 1.0
Content-Transfer-Encoding: 8bit

<h2>Здравствуйте</h2><p>Произошло удаление книги Преступление и наказание.</p>
--===============6091627283363285371==--

-------------------------------------------------------------------------------
