Content-Type: multipart/alternative;
 boundary="===============6328633827066325303=="
MIME-Version: 1.0
Subject: 
 =?utf-8?b?0KDQtdCz0LjRgdGC0YDQsNGG0LjRjyDQvdC+0LLQvtC5INC60L3QuNCz0Lg=?=
From: my_email@my.me
To: recipient@recipient.email
Date: Sun, 20 Nov 2022 13:35:50 -0000
Message-ID: <166895135008.7858.15864455636502754537@alone5elvi-VirtualBox>

--===============6328633827066325303==
Content-Type: text/plain; charset="utf-8"
MIME-Version: 1.0
Content-Transfer-Encoding: 8bit

Сообщение от сервиса Book. Создание новой записи.
--===============6328633827066325303==
Content-Type: text/html; charset="utf-8"
MIME-Version: 1.0
Content-Transfer-Encoding: 8bit

<h2>Здравствуйте</h2><p>Произошла регистрация новой книги.</p>
--===============6328633827066325303==--

-------------------------------------------------------------------------------
