Content-Type: multipart/alternative;
 boundary="===============5108283327227338343=="
MIME-Version: 1.0
Subject: =?utf-8?b?0JrQvdC40LPQsCB7bmFtZX0g0LHRi9C70LAg0YPQtNCw0LvQtdC90LA=?=
From: my_email@my.me
To: recipient@recipient.email
Date: Wed, 16 Nov 2022 22:39:33 -0000
Message-ID: <166863837304.23032.16366475564898958985@alone5elvi-VirtualBox>

--===============5108283327227338343==
Content-Type: text/plain; charset="utf-8"
MIME-Version: 1.0
Content-Transfer-Encoding: 8bit

Сообщение от сервиса Book. Удаление записи.
--===============5108283327227338343==
Content-Type: text/html; charset="utf-8"
MIME-Version: 1.0
Content-Transfer-Encoding: 8bit

<h2>Здравствуйте</h2><p>Произошло удаление книги Хобби бобби.</p>
--===============5108283327227338343==--

-------------------------------------------------------------------------------
