Content-Type: multipart/alternative;
 boundary="===============5627502112960147731=="
MIME-Version: 1.0
Subject: =?utf-8?b?0JrQvdC40LPQsCB7bmFtZX0g0LHRi9C70LAg0YPQtNCw0LvQtdC90LA=?=
From: my_email@my.me
To: recipient@recipient.email
Date: Wed, 16 Nov 2022 08:16:45 -0000
Message-ID: <166858660541.7196.1220608929598768017@alone5elvi-VirtualBox>

--===============5627502112960147731==
Content-Type: text/plain; charset="utf-8"
MIME-Version: 1.0
Content-Transfer-Encoding: 8bit

Сообщение от сервиса Book. Удаление записи.
--===============5627502112960147731==
Content-Type: text/html; charset="utf-8"
MIME-Version: 1.0
Content-Transfer-Encoding: 8bit

<h2>Здравствуйте</h2><p>Произошло удаление книги Преступление и наказание.</p>
--===============5627502112960147731==--

-------------------------------------------------------------------------------
