Content-Type: multipart/alternative;
 boundary="===============4904387676504934347=="
MIME-Version: 1.0
Subject: 
 =?utf-8?b?0KDQtdCz0LjRgdGC0YDQsNGG0LjRjyDQvdC+0LLQvtC5INC60L3QuNCz0Lg=?=
From: my_email@my.me
To: recipient@recipient.email
Date: Sat, 20 May 2023 18:32:51 -0000
Message-ID: <168460757126.8860.2294382031079274991@WIN-2KAD771TC36>

--===============4904387676504934347==
Content-Type: text/plain; charset="utf-8"
MIME-Version: 1.0
Content-Transfer-Encoding: 8bit

Сообщение от сервиса Book. Создание новой записи.
--===============4904387676504934347==
Content-Type: text/html; charset="utf-8"
MIME-Version: 1.0
Content-Transfer-Encoding: 8bit

<h2>Здравствуйте</h2><p>Произошла регистрация новой книги.</p>
--===============4904387676504934347==--

-------------------------------------------------------------------------------
